<testsuites id="" name="" tests="5" failures="0" skipped="0" errors="0" time="34.718667">
<testsuite name="api\auth.spec.ts" timestamp="2026-03-11T08:33:39.797Z" hostname="chromium" tests="1" failures="0" skipped="0" time="0.313" errors="0">
<testcase name="API smoke (stable public endpoints) › GET /products/1 returns product and 200" classname="api\auth.spec.ts" time="0.313">
</testcase>
</testsuite>
<testsuite name="api\products.spec.ts" timestamp="2026-03-11T08:33:39.797Z" hostname="chromium" tests="2" failures="0" skipped="0" time="0.538" errors="0">
<testcase name="Products API › GET /products returns list and status 200" classname="api\products.spec.ts" time="0.324">
<system-out>
<![CDATA[Products payload type: object
]]>
</system-out>
</testcase>
<testcase name="Products API › GET /products/:id returns correct product" classname="api\products.spec.ts" time="0.214">
</testcase>
</testsuite>
<testsuite name="e2e\add-to-cart.spec.ts" timestamp="2026-03-11T08:33:39.797Z" hostname="chromium" tests="1" failures="0" skipped="0" time="30.723" errors="0">
<testcase name="add product to cart and verify it appears in cart" classname="e2e\add-to-cart.spec.ts" time="30.723">
<system-out>
<![CDATA[DEBUG: current page URL before checking cart items: https://demoblaze.com/cart.html
DEBUG: Page is closed — cannot capture HTML snapshot.
]]>
</system-out>
</testcase>
</testsuite>
<testsuite name="e2e\login.spec.ts" timestamp="2026-03-11T08:33:39.797Z" hostname="chromium" tests="1" failures="0" skipped="0" time="6.239" errors="0">
<testcase name="login with valid credentials" classname="e2e\login.spec.ts" time="6.239">
</testcase>
</testsuite>
</testsuites>